#
# A fatal error has been detected by the Java Runtime Environment:
#
#  EXCEPTION_ACCESS_VIOLATION (0xc0000005) at pc=0x0000000068577c6d, pid=14300, tid=0x0000000000002ea4
#
# JRE version: Java(TM) SE Runtime Environment (8.0_211-b12) (build 1.8.0_211-b12)
# Java VM: Java HotSpot(TM) 64-Bit Server VM (25.211-b12 mixed mode windows-amd64 compressed oops)
# Problematic frame:
# V  [jvm.dll+0xf7c6d]
#
# Failed to write core dump. Minidumps are not enabled by default on client versions of Windows
#
# If you would like to submit a bug report, please visit:
#   http://bugreport.java.com/bugreport/crash.jsp
#

---------------  T H R E A D  ---------------

Current thread (0x0000000015597800):  VMThread [stack: 0x0000000016620000,0x0000000016720000] [id=11940]

siginfo: ExceptionCode=0xc0000005, reading address 0x0000000000000010

Registers:
RAX=0x00000000000000ff, RBX=0x0000000000000000, RCX=0x0000000000000000, RDX=0x000000001bdda0d8
RSP=0x000000001671f680, RBP=0x000000001671f7b0, RSI=0x000000000000ffff, RDI=0x000000001bdd8d60
R8 =0x0000000002f14030, R9 =0x0000000000000003, R10=0x0000000000000003, R11=0x000000001bdd95c5
R12=0x000000001671f840, R13=0x000000001671f830, R14=0x0000000000000000, R15=0x0000000000000001
RIP=0x0000000068577c6d, EFLAGS=0x0000000000010202

Top of Stack: (sp=0x000000001671f680)
0x000000001671f680:   00000000000000b6 000000001671f7b0
0x000000001671f690:   00000000000000b6 000000001671f850
0x000000001671f6a0:   000000000000000a 00000000686553a0
0x000000001671f6b0:   0000000000000000 00000000000000b6
0x000000001671f6c0:   00000000000000bb 0000000017875fd0
0x000000001671f6d0:   00000000039df5b0 00000000039df4b2
0x000000001671f6e0:   00000000039df4e8 0000000068781bde
0x000000001671f6f0:   00000000039df5af 00007fff0000000a
0x000000001671f700:   00000000039dde28 0000000068010000
0x000000001671f710:   00000000039df500 00000000685119cd
0x000000001671f720:   0000e3470c02c284 00000000039df500
0x000000001671f730:   0000e3470c02c274 000000001787d320
0x000000001671f740:   00000000030361a0 00000000685146e5
0x000000001671f750:   0000000015596a80 000000006851fbfe
0x000000001671f760:   000000001787dfb8 0000000000000218
0x000000001671f770:   000000001e3490b0 0000000000000000 

Instructions: (pc=0x0000000068577c6d)
0x0000000068577c4d:   0f b7 d8 48 63 c3 0f b7 44 c7 50 48 8b 44 c7 50
0x0000000068577c5d:   48 89 44 24 30 f6 d0 48 8b 4c 24 30 a8 01 74 0f
0x0000000068577c6d:   48 8b 41 10 48 8b 5c 24 38 48 83 c4 20 5f c3 48
0x0000000068577c7d:   8b 5c 24 38 48 83 e1 fe 48 8b c1 48 83 c4 20 5f 


Register to memory mapping:

RAX=0x00000000000000ff is an unknown value
RBX=0x0000000000000000 is an unknown value
RCX=0x0000000000000000 is an unknown value
RDX=0x000000001bdda0d8 is pointing into metadata
RSP=0x000000001671f680 is an unknown value
RBP=0x000000001671f7b0 is an unknown value
RSI=0x000000000000ffff is an unknown value
RDI=0x000000001bdd8d60 is pointing into metadata
R8 =0x0000000002f14030 is an unknown value
R9 =0x0000000000000003 is an unknown value
R10=0x0000000000000003 is an unknown value
R11=0x000000001bdd95c5 is pointing into metadata
R12=0x000000001671f840 is an unknown value
R13=0x000000001671f830 is an unknown value
R14=0x0000000000000000 is an unknown value
R15=0x0000000000000001 is an unknown value


Stack: [0x0000000016620000,0x0000000016720000],  sp=0x000000001671f680,  free space=1021k
Native frames: (J=compiled Java code, j=interpreted, Vv=VM code, C=native code)
V  [jvm.dll+0xf7c6d]
V  [jvm.dll+0x1d53a0]
V  [jvm.dll+0x1d62f2]
V  [jvm.dll+0x1c3cb4]
V  [jvm.dll+0x1c8e47]
V  [jvm.dll+0x1c93bb]
V  [jvm.dll+0x24d5f7]
V  [jvm.dll+0x24c896]
V  [jvm.dll+0x24cd31]
V  [jvm.dll+0x24cf4e]
V  [jvm.dll+0x29fc6a]
C  [msvcr100.dll+0x21d9f]
C  [msvcr100.dll+0x21e3b]
C  [KERNEL32.DLL+0x17034]
C  [ntdll.dll+0x52651]

VM_Operation (0x000000001716f5e0): RedefineClasses, mode: safepoint, requested by thread 0x00000000155e0800, redefining class blogfmk.controller.UserController



---------------  P R O C E S S  ---------------

Java Threads: ( => current thread )
  0x0000000017ccd000 JavaThread "http-nio-8080-Acceptor" daemon [_thread_in_native, id=6132, stack(0x000000001dc70000,0x000000001dd70000)]
  0x0000000017cc1000 JavaThread "http-nio-8080-Poller" daemon [_thread_in_native, id=2860, stack(0x000000001db70000,0x000000001dc70000)]
  0x0000000017cc0000 JavaThread "File Watcher" daemon [_thread_blocked, id=13944, stack(0x000000001b3a0000,0x000000001b4a0000)]
  0x0000000017cc6000 JavaThread "HikariPool-2 housekeeper" daemon [_thread_blocked, id=15040, stack(0x00000000194d0000,0x00000000195d0000)]
  0x0000000017cc5800 JavaThread "container-0" [_thread_blocked, id=6840, stack(0x0000000018fd0000,0x00000000190d0000)]
  0x0000000017cc4000 JavaThread "Catalina-utility-2" [_thread_blocked, id=10856, stack(0x0000000018ed0000,0x0000000018fd0000)]
  0x0000000017cc2800 JavaThread "Catalina-utility-1" [_thread_blocked, id=10772, stack(0x0000000016a30000,0x0000000016b30000)]
  0x000000001a0ef800 JavaThread "DestroyJavaVM" [_thread_blocked, id=900, stack(0x0000000002df0000,0x0000000002ef0000)]
  0x000000001a0eb800 JavaThread "Live Reload Server" daemon [_thread_in_native, id=5492, stack(0x000000001dd70000,0x000000001de70000)]
  0x0000000017fc3800 JavaThread "JMX server connection timeout 19" daemon [_thread_blocked, id=10860, stack(0x0000000018bd0000,0x0000000018cd0000)]
  0x0000000017fc2000 JavaThread "RMI Scheduler(0)" daemon [_thread_blocked, id=3008, stack(0x0000000018ad0000,0x0000000018bd0000)]
  0x0000000017e68800 JavaThread "RMI TCP Connection(idle)" daemon [_thread_blocked, id=8736, stack(0x0000000018870000,0x0000000018970000)]
  0x0000000017df6000 JavaThread "RMI TCP Accept-0" daemon [_thread_in_native, id=12296, stack(0x0000000018570000,0x0000000018670000)]
  0x0000000017df2800 JavaThread "RMI TCP Accept-54441" daemon [_thread_in_native, id=12792, stack(0x0000000018470000,0x0000000018570000)]
  0x0000000017de4800 JavaThread "RMI TCP Accept-0" daemon [_thread_in_native, id=10580, stack(0x0000000018370000,0x0000000018470000)]
  0x00000000176c2000 JavaThread "Service Thread" daemon [_thread_blocked, id=5148, stack(0x0000000017a70000,0x0000000017b70000)]
  0x0000000015602000 JavaThread "C1 CompilerThread2" daemon [_thread_blocked, id=12404, stack(0x0000000017570000,0x0000000017670000)]
  0x0000000015600800 JavaThread "C2 CompilerThread1" daemon [_thread_blocked, id=9248, stack(0x0000000017470000,0x0000000017570000)]
  0x00000000155fd800 JavaThread "C2 CompilerThread0" daemon [_thread_blocked, id=3196, stack(0x0000000017370000,0x0000000017470000)]
  0x00000000155f0000 JavaThread "JDWP Command Reader" daemon [_thread_in_native, id=13056, stack(0x0000000017270000,0x0000000017370000)]
  0x00000000155ef000 JavaThread "JDWP Event Helper Thread" daemon [_thread_blocked, id=13288, stack(0x0000000017170000,0x0000000017270000)]
  0x00000000155e0800 JavaThread "JDWP Transport Listener: dt_socket" daemon [_thread_blocked, id=11220, stack(0x0000000017070000,0x0000000017170000)]
  0x00000000155d2000 JavaThread "Attach Listener" daemon [_thread_blocked, id=10776, stack(0x0000000016c30000,0x0000000016d30000)]
  0x00000000155d1000 JavaThread "Signal Dispatcher" daemon [_thread_blocked, id=3324, stack(0x0000000016b30000,0x0000000016c30000)]
  0x00000000155bf800 JavaThread "Finalizer" daemon [_thread_blocked, id=3140, stack(0x0000000016820000,0x0000000016920000)]
  0x0000000002fe5000 JavaThread "Reference Handler" daemon [_thread_blocked, id=248, stack(0x0000000016720000,0x0000000016820000)]

Other Threads:
=>0x0000000015597800 VMThread [stack: 0x0000000016620000,0x0000000016720000] [id=11940]
  0x0000000017e01000 WatcherThread [stack: 0x0000000018670000,0x0000000018770000] [id=1880]

VM state:at safepoint (normal execution)

VM Mutex/Monitor currently owned by a thread:  ([mutex/lock_event])
[0x0000000002ef3950] Threads_lock - owner thread: 0x0000000015597800

heap address: 0x00000000c1a00000, size: 998 MB, Compressed Oops mode: 32-bit
Narrow klass base: 0x0000000000000000, Narrow klass shift: 3
Compressed class space size: 1073741824 Address: 0x0000000100000000

Heap:
 PSYoungGen      total 259072K, used 160037K [0x00000000eb380000, 0x0000000100000000, 0x0000000100000000)
  eden space 241664K, 66% used [0x00000000eb380000,0x00000000f4fc94b0,0x00000000f9f80000)
  from space 17408K, 0% used [0x00000000f9f80000,0x00000000f9f80000,0x00000000fb080000)
  to   space 17408K, 0% used [0x00000000fef00000,0x00000000fef00000,0x0000000100000000)
 ParOldGen       total 67584K, used 19340K [0x00000000c1a00000, 0x00000000c5c00000, 0x00000000eb380000)
  object space 67584K, 28% used [0x00000000c1a00000,0x00000000c2ce33d8,0x00000000c5c00000)
 Metaspace       used 56042K, capacity 60090K, committed 60376K, reserved 1101824K
  class space    used 7886K, capacity 8581K, committed 8704K, reserved 1048576K

Card table byte_map: [0x00000000123b0000,0x00000000125b0000] byte_map_base: 0x0000000011da3000

Marking Bits: (ParMarkBitMap*) 0x0000000068ca5ce0
 Begin Bits: [0x0000000012b00000, 0x0000000013a98000)
 End Bits:   [0x0000000013a98000, 0x0000000014a30000)

Polling page: 0x0000000002d80000

CodeCache: size=245760Kb used=10160Kb max_used=10160Kb free=235599Kb
 bounds [0x0000000002ff0000, 0x00000000039e0000, 0x0000000011ff0000]
 total_blobs=5707 nmethods=5158 adapters=468
 compilation: enabled

Compilation events (10 events):
Event: 148.847 Thread 0x0000000015602000 5265       1       java.util.Collections$UnmodifiableSet::equals (24 bytes)
Event: 148.848 Thread 0x0000000015602000 nmethod 5265 0x00000000039dd990 code [0x00000000039ddae0, 0x00000000039ddc48]
Event: 153.554 Thread 0x0000000015602000 5266       1       java.util.concurrent.locks.AbstractQueuedSynchronizer$ConditionObject::awaitNanos (156 bytes)
Event: 153.556 Thread 0x0000000015602000 nmethod 5266 0x00000000039ddcd0 code [0x00000000039ddf00, 0x00000000039de6d8]
Event: 155.429 Thread 0x0000000015602000 5267       1       java.util.concurrent.locks.AbstractQueuedSynchronizer::transferForSignal (45 bytes)
Event: 155.430 Thread 0x0000000015602000 nmethod 5267 0x00000000039deed0 code [0x00000000039df040, 0x00000000039df278]
Event: 156.548 Thread 0x0000000015602000 5268       1       java.util.concurrent.locks.AbstractQueuedSynchronizer$ConditionObject::doSignal (43 bytes)
Event: 156.549 Thread 0x0000000015602000 nmethod 5268 0x00000000039df390 code [0x00000000039df500, 0x00000000039df6e8]
Event: 169.552 Thread 0x0000000015602000 5269       1       java.util.concurrent.ThreadPoolExecutor::runStateAtLeast (11 bytes)
Event: 169.552 Thread 0x0000000015602000 nmethod 5269 0x00000000039df7d0 code [0x00000000039df920, 0x00000000039dfa30]

GC Heap History (10 events):
Event: 12.212 GC heap before
{Heap before GC invocations=13 (full 2):
 PSYoungGen      total 191488K, used 181760K [0x00000000eb380000, 0x00000000f7c00000, 0x0000000100000000)
  eden space 181760K, 100% used [0x00000000eb380000,0x00000000f6500000,0x00000000f6500000)
  from space 9728K, 0% used [0x00000000f7180000,0x00000000f7180000,0x00000000f7b00000)
  to   space 11776K, 0% used [0x00000000f6500000,0x00000000f6500000,0x00000000f7080000)
 ParOldGen       total 49152K, used 17180K [0x00000000c1a00000, 0x00000000c4a00000, 0x00000000eb380000)
  object space 49152K, 34% used [0x00000000c1a00000,0x00000000c2ac7348,0x00000000c4a00000)
 Metaspace       used 51636K, capacity 55252K, committed 55552K, reserved 1097728K
  class space    used 7288K, capacity 7919K, committed 7936K, reserved 1048576K
Event: 12.252 GC heap after
Heap after GC invocations=13 (full 2):
 PSYoungGen      total 193536K, used 11770K [0x00000000eb380000, 0x00000000fc980000, 0x0000000100000000)
  eden space 181760K, 0% used [0x00000000eb380000,0x00000000eb380000,0x00000000f6500000)
  from space 11776K, 99% used [0x00000000f6500000,0x00000000f707e8c0,0x00000000f7080000)
  to   space 17920K, 0% used [0x00000000fb800000,0x00000000fb800000,0x00000000fc980000)
 ParOldGen       total 49152K, used 29060K [0x00000000c1a00000, 0x00000000c4a00000, 0x00000000eb380000)
  object space 49152K, 59% used [0x00000000c1a00000,0x00000000c3661098,0x00000000c4a00000)
 Metaspace       used 51636K, capacity 55252K, committed 55552K, reserved 1097728K
  class space    used 7288K, capacity 7919K, committed 7936K, reserved 1048576K
}
Event: 23.689 GC heap before
{Heap before GC invocations=14 (full 2):
 PSYoungGen      total 193536K, used 56948K [0x00000000eb380000, 0x00000000fc980000, 0x0000000100000000)
  eden space 181760K, 24% used [0x00000000eb380000,0x00000000edf9e8a0,0x00000000f6500000)
  from space 11776K, 99% used [0x00000000f6500000,0x00000000f707e8c0,0x00000000f7080000)
  to   space 17920K, 0% used [0x00000000fb800000,0x00000000fb800000,0x00000000fc980000)
 ParOldGen       total 49152K, used 29060K [0x00000000c1a00000, 0x00000000c4a00000, 0x00000000eb380000)
  object space 49152K, 59% used [0x00000000c1a00000,0x00000000c3661098,0x00000000c4a00000)
 Metaspace       used 55233K, capacity 59020K, committed 59096K, reserved 1099776K
  class space    used 7754K, capacity 8419K, committed 8448K, reserved 1048576K
Event: 23.714 GC heap after
Heap after GC invocations=14 (full 2):
 PSYoungGen      total 251392K, used 3958K [0x00000000eb380000, 0x00000000fc180000, 0x0000000100000000)
  eden space 241664K, 0% used [0x00000000eb380000,0x00000000eb380000,0x00000000f9f80000)
  from space 9728K, 40% used [0x00000000fb800000,0x00000000fbbddb58,0x00000000fc180000)
  to   space 17408K, 0% used [0x00000000f9f80000,0x00000000f9f80000,0x00000000fb080000)
 ParOldGen       total 49152K, used 37826K [0x00000000c1a00000, 0x00000000c4a00000, 0x00000000eb380000)
  object space 49152K, 76% used [0x00000000c1a00000,0x00000000c3ef0be0,0x00000000c4a00000)
 Metaspace       used 55233K, capacity 59020K, committed 59096K, reserved 1099776K
  class space    used 7754K, capacity 8419K, committed 8448K, reserved 1048576K
}
Event: 23.715 GC heap before
{Heap before GC invocations=15 (full 3):
 PSYoungGen      total 251392K, used 3958K [0x00000000eb380000, 0x00000000fc180000, 0x0000000100000000)
  eden space 241664K, 0% used [0x00000000eb380000,0x00000000eb380000,0x00000000f9f80000)
  from space 9728K, 40% used [0x00000000fb800000,0x00000000fbbddb58,0x00000000fc180000)
  to   space 17408K, 0% used [0x00000000f9f80000,0x00000000f9f80000,0x00000000fb080000)
 ParOldGen       total 49152K, used 37826K [0x00000000c1a00000, 0x00000000c4a00000, 0x00000000eb380000)
  object space 49152K, 76% used [0x00000000c1a00000,0x00000000c3ef0be0,0x00000000c4a00000)
 Metaspace       used 55233K, capacity 59020K, committed 59096K, reserved 1099776K
  class space    used 7754K, capacity 8419K, committed 8448K, reserved 1048576K
Event: 23.956 GC heap after
Heap after GC invocations=15 (full 3):
 PSYoungGen      total 251392K, used 0K [0x00000000eb380000, 0x00000000fc180000, 0x0000000100000000)
  eden space 241664K, 0% used [0x00000000eb380000,0x00000000eb380000,0x00000000f9f80000)
  from space 9728K, 0% used [0x00000000fb800000,0x00000000fb800000,0x00000000fc180000)
  to   space 17408K, 0% used [0x00000000f9f80000,0x00000000f9f80000,0x00000000fb080000)
 ParOldGen       total 67584K, used 22812K [0x00000000c1a00000, 0x00000000c5c00000, 0x00000000eb380000)
  object space 67584K, 33% used [0x00000000c1a00000,0x00000000c3047270,0x00000000c5c00000)
 Metaspace       used 55233K, capacity 59020K, committed 59096K, reserved 1099776K
  class space    used 7754K, capacity 8419K, committed 8448K, reserved 1048576K
}
Event: 93.154 GC heap before
{Heap before GC invocations=16 (full 3):
 PSYoungGen      total 251392K, used 26474K [0x00000000eb380000, 0x00000000fc180000, 0x0000000100000000)
  eden space 241664K, 10% used [0x00000000eb380000,0x00000000ecd5a998,0x00000000f9f80000)
  from space 9728K, 0% used [0x00000000fb800000,0x00000000fb800000,0x00000000fc180000)
  to   space 17408K, 0% used [0x00000000f9f80000,0x00000000f9f80000,0x00000000fb080000)
 ParOldGen       total 67584K, used 22812K [0x00000000c1a00000, 0x00000000c5c00000, 0x00000000eb380000)
  object space 67584K, 33% used [0x00000000c1a00000,0x00000000c3047270,0x00000000c5c00000)
 Metaspace       used 55668K, capacity 59532K, committed 59736K, reserved 1099776K
  class space    used 7841K, capacity 8512K, committed 8576K, reserved 1048576K
Event: 93.187 GC heap after
Heap after GC invocations=16 (full 3):
 PSYoungGen      total 259072K, used 759K [0x00000000eb380000, 0x0000000100000000, 0x0000000100000000)
  eden space 241664K, 0% used [0x00000000eb380000,0x00000000eb380000,0x00000000f9f80000)
  from space 17408K, 4% used [0x00000000f9f80000,0x00000000fa03dd80,0x00000000fb080000)
  to   space 17408K, 0% used [0x00000000fef00000,0x00000000fef00000,0x0000000100000000)
 ParOldGen       total 67584K, used 22820K [0x00000000c1a00000, 0x00000000c5c00000, 0x00000000eb380000)
  object space 67584K, 33% used [0x00000000c1a00000,0x00000000c3049270,0x00000000c5c00000)
 Metaspace       used 55668K, capacity 59532K, committed 59736K, reserved 1099776K
  class space    used 7841K, capacity 8512K, committed 8576K, reserved 1048576K
}
Event: 93.187 GC heap before
{Heap before GC invocations=17 (full 4):
 PSYoungGen      total 259072K, used 759K [0x00000000eb380000, 0x0000000100000000, 0x0000000100000000)
  eden space 241664K, 0% used [0x00000000eb380000,0x00000000eb380000,0x00000000f9f80000)
  from space 17408K, 4% used [0x00000000f9f80000,0x00000000fa03dd80,0x00000000fb080000)
  to   space 17408K, 0% used [0x00000000fef00000,0x00000000fef00000,0x0000000100000000)
 ParOldGen       total 67584K, used 22820K [0x00000000c1a00000, 0x00000000c5c00000, 0x00000000eb380000)
  object space 67584K, 33% used [0x00000000c1a00000,0x00000000c3049270,0x00000000c5c00000)
 Metaspace       used 55668K, capacity 59532K, committed 59736K, reserved 1099776K
  class space    used 7841K, capacity 8512K, committed 8576K, reserved 1048576K
Event: 93.689 GC heap after
Heap after GC invocations=17 (full 4):
 PSYoungGen      total 259072K, used 0K [0x00000000eb380000, 0x0000000100000000, 0x0000000100000000)
  eden space 241664K, 0% used [0x00000000eb380000,0x00000000eb380000,0x00000000f9f80000)
  from space 17408K, 0% used [0x00000000f9f80000,0x00000000f9f80000,0x00000000fb080000)
  to   space 17408K, 0% used [0x00000000fef00000,0x00000000fef00000,0x0000000100000000)
 ParOldGen       total 67584K, used 19340K [0x00000000c1a00000, 0x00000000c5c00000, 0x00000000eb380000)
  object space 67584K, 28% used [0x00000000c1a00000,0x00000000c2ce33d8,0x00000000c5c00000)
 Metaspace       used 55668K, capacity 59532K, committed 59736K, reserved 1099776K
  class space    used 7841K, capacity 8512K, committed 8576K, reserved 1048576K
}

Deoptimization events (0 events):
No events

Classes redefined (0 events):
No events

Internal exceptions (10 events):
Event: 96.180 Thread 0x0000000017cc1800 Exception <a 'java/lang/ArrayIndexOutOfBoundsException'> (0x00000000f36651a0) thrown at [C:\re\workspace\8-2-build-windows-amd64-cygwin\jdk8u211\12973\hotspot\src\share\vm\runtime\sharedRuntime.cpp, line 605]
Event: 96.180 Thread 0x0000000017cc1800 Exception <a 'java/lang/ArrayIndexOutOfBoundsException'> (0x00000000f366a628) thrown at [C:\re\workspace\8-2-build-windows-amd64-cygwin\jdk8u211\12973\hotspot\src\share\vm\runtime\sharedRuntime.cpp, line 605]
Event: 96.181 Thread 0x0000000017cc1800 Exception <a 'java/lang/ArrayIndexOutOfBoundsException'> (0x00000000f3672ab8) thrown at [C:\re\workspace\8-2-build-windows-amd64-cygwin\jdk8u211\12973\hotspot\src\share\vm\runtime\sharedRuntime.cpp, line 605]
Event: 96.181 Thread 0x0000000017cc1800 Exception <a 'java/lang/ArrayIndexOutOfBoundsException'> (0x00000000f3677de0) thrown at [C:\re\workspace\8-2-build-windows-amd64-cygwin\jdk8u211\12973\hotspot\src\share\vm\runtime\sharedRuntime.cpp, line 605]
Event: 96.182 Thread 0x0000000017cc1800 Exception <a 'java/lang/ArrayIndexOutOfBoundsException'> (0x00000000f3688018) thrown at [C:\re\workspace\8-2-build-windows-amd64-cygwin\jdk8u211\12973\hotspot\src\share\vm\runtime\sharedRuntime.cpp, line 605]
Event: 96.183 Thread 0x0000000017cc1800 Exception <a 'java/lang/ArrayIndexOutOfBoundsException'> (0x00000000f3697c00) thrown at [C:\re\workspace\8-2-build-windows-amd64-cygwin\jdk8u211\12973\hotspot\src\share\vm\runtime\sharedRuntime.cpp, line 605]
Event: 96.314 Thread 0x0000000017cc1800 Exception <a 'java/lang/ArrayIndexOutOfBoundsException'> (0x00000000f395e128) thrown at [C:\re\workspace\8-2-build-windows-amd64-cygwin\jdk8u211\12973\hotspot\src\share\vm\runtime\sharedRuntime.cpp, line 605]
Event: 96.445 Thread 0x0000000017cc1800 Exception <a 'java/lang/ArrayIndexOutOfBoundsException'> (0x00000000f3cba8e0) thrown at [C:\re\workspace\8-2-build-windows-amd64-cygwin\jdk8u211\12973\hotspot\src\share\vm\runtime\sharedRuntime.cpp, line 605]
Event: 96.471 Thread 0x0000000017cc1800 Exception <a 'java/lang/ArrayIndexOutOfBoundsException'> (0x00000000f3ec7780) thrown at [C:\re\workspace\8-2-build-windows-amd64-cygwin\jdk8u211\12973\hotspot\src\share\vm\runtime\sharedRuntime.cpp, line 605]
Event: 96.472 Thread 0x0000000017cc1800 Exception <a 'java/lang/ArrayIndexOutOfBoundsException'> (0x00000000f3ee2710) thrown at [C:\re\workspace\8-2-build-windows-amd64-cygwin\jdk8u211\12973\hotspot\src\share\vm\runtime\sharedRuntime.cpp, line 605]

Events (10 events):
Event: 102.071 Thread 0x0000000017cc7000 Thread exited: 0x0000000017cc7000
Event: 105.086 Executing VM operation: RevokeBias
Event: 105.086 Executing VM operation: RevokeBias done
Event: 105.086 Executing VM operation: RevokeBias
Event: 105.086 Executing VM operation: RevokeBias done
Event: 105.086 Executing VM operation: RevokeBias
Event: 105.087 Executing VM operation: RevokeBias done
Event: 105.087 Executing VM operation: RevokeBias
Event: 105.087 Executing VM operation: RevokeBias done
Event: 171.250 Executing VM operation: RedefineClasses


Dynamic libraries:
0x00007ff6af370000 - 0x00007ff6af3a7000 	C:\Program Files\Java\jre1.8.0_211\bin\javaw.exe
0x00007fff6b2b0000 - 0x00007fff6b4a5000 	C:\WINDOWS\SYSTEM32\ntdll.dll
0x00007fff6a2c0000 - 0x00007fff6a37e000 	C:\WINDOWS\System32\KERNEL32.DLL
0x00007fff68a60000 - 0x00007fff68d28000 	C:\WINDOWS\System32\KERNELBASE.dll
0x00007fff69cb0000 - 0x00007fff69d5c000 	C:\WINDOWS\System32\ADVAPI32.dll
0x00007fff696b0000 - 0x00007fff6974e000 	C:\WINDOWS\System32\msvcrt.dll
0x00007fff69320000 - 0x00007fff693bb000 	C:\WINDOWS\System32\sechost.dll
0x00007fff6b090000 - 0x00007fff6b1ba000 	C:\WINDOWS\System32\RPCRT4.dll
0x00007fff69500000 - 0x00007fff696a1000 	C:\WINDOWS\System32\USER32.dll
0x00007fff68d30000 - 0x00007fff68d52000 	C:\WINDOWS\System32\win32u.dll
0x00007fff69e20000 - 0x00007fff69e4b000 	C:\WINDOWS\System32\GDI32.dll
0x00007fff68d60000 - 0x00007fff68e6b000 	C:\WINDOWS\System32\gdi32full.dll
0x00007fff69260000 - 0x00007fff692fd000 	C:\WINDOWS\System32\msvcp_win.dll
0x00007fff68fa0000 - 0x00007fff690a0000 	C:\WINDOWS\System32\ucrtbase.dll
0x00007fff56f40000 - 0x00007fff571da000 	C:\WINDOWS\WinSxS\amd64_microsoft.windows.common-controls_6595b64144ccf1df_6.0.19041.1110_none_60b5254171f9507e\COMCTL32.dll
0x00007fff69f20000 - 0x00007fff69f50000 	C:\WINDOWS\System32\IMM32.DLL
0x0000000067af0000 - 0x0000000067bc2000 	C:\Program Files\Java\jre1.8.0_211\bin\msvcr100.dll
0x0000000068480000 - 0x0000000068d25000 	C:\Program Files\Java\jre1.8.0_211\bin\server\jvm.dll
0x00007fff6af60000 - 0x00007fff6af68000 	C:\WINDOWS\System32\PSAPI.DLL
0x00007fff56930000 - 0x00007fff56957000 	C:\WINDOWS\SYSTEM32\WINMM.dll
0x00007fff67100000 - 0x00007fff67109000 	C:\WINDOWS\SYSTEM32\WSOCK32.dll
0x00007fff69e50000 - 0x00007fff69ebb000 	C:\WINDOWS\System32\WS2_32.dll
0x00007fff57690000 - 0x00007fff5769a000 	C:\WINDOWS\SYSTEM32\VERSION.dll
0x00007fff64030000 - 0x00007fff6403f000 	C:\Program Files\Java\jre1.8.0_211\bin\verify.dll
0x00007fff64000000 - 0x00007fff64029000 	C:\Program Files\Java\jre1.8.0_211\bin\java.dll
0x00007fff619d0000 - 0x00007fff61a05000 	C:\Program Files\Java\jre1.8.0_211\bin\jdwp.dll
0x00007fff64100000 - 0x00007fff64108000 	C:\Program Files\Java\jre1.8.0_211\bin\npt.dll
0x00007fff63fb0000 - 0x00007fff63fc6000 	C:\Program Files\Java\jre1.8.0_211\bin\zip.dll
0x00007fff6a6f0000 - 0x00007fff6ae2f000 	C:\WINDOWS\System32\SHELL32.dll
0x00007fff66690000 - 0x00007fff66e20000 	C:\WINDOWS\SYSTEM32\windows.storage.dll
0x00007fff6a380000 - 0x00007fff6a6d5000 	C:\WINDOWS\System32\combase.dll
0x00007fff68420000 - 0x00007fff6844e000 	C:\WINDOWS\SYSTEM32\Wldp.dll
0x00007fff6b1c0000 - 0x00007fff6b26d000 	C:\WINDOWS\System32\SHCORE.dll
0x00007fff69dc0000 - 0x00007fff69e15000 	C:\WINDOWS\System32\shlwapi.dll
0x00007fff68910000 - 0x00007fff6892f000 	C:\WINDOWS\SYSTEM32\profapi.dll
0x00007fff621d0000 - 0x00007fff621d9000 	C:\Program Files\Java\jre1.8.0_211\bin\dt_socket.dll
0x00007fff4bf10000 - 0x00007fff4bf27000 	C:\WINDOWS\system32\napinsp.dll
0x00007fff4bef0000 - 0x00007fff4bf0b000 	C:\WINDOWS\system32\pnrpnsp.dll
0x00007fff631c0000 - 0x00007fff631d5000 	C:\WINDOWS\system32\wshbth.dll
0x00007fff63f00000 - 0x00007fff63f1d000 	C:\WINDOWS\system32\NLAapi.dll
0x00007fff67df0000 - 0x00007fff67e2b000 	C:\WINDOWS\SYSTEM32\IPHLPAPI.DLL
0x00007fff68160000 - 0x00007fff681ca000 	C:\WINDOWS\System32\mswsock.dll
0x00007fff67e30000 - 0x00007fff67efb000 	C:\WINDOWS\SYSTEM32\DNSAPI.dll
0x00007fff69bd0000 - 0x00007fff69bd8000 	C:\WINDOWS\System32\NSI.dll
0x00007fff4bc70000 - 0x00007fff4bc82000 	C:\WINDOWS\System32\winrnr.dll
0x00007fff58770000 - 0x00007fff587ef000 	C:\WINDOWS\System32\fwpuclnt.dll
0x00007fff68f20000 - 0x00007fff68f47000 	C:\WINDOWS\System32\bcrypt.dll
0x00007fff575d0000 - 0x00007fff575da000 	C:\Windows\System32\rasadhlp.dll
0x00007fff46670000 - 0x00007fff4667d000 	C:\Program Files\Java\jre1.8.0_211\bin\management.dll
0x00007fff43700000 - 0x00007fff4371a000 	C:\Program Files\Java\jre1.8.0_211\bin\net.dll
0x00007fff59920000 - 0x00007fff59b0b000 	C:\WINDOWS\SYSTEM32\urlmon.dll
0x00007fff59c80000 - 0x00007fff59f30000 	C:\WINDOWS\SYSTEM32\iertutil.dll
0x00007fff598f0000 - 0x00007fff59918000 	C:\WINDOWS\SYSTEM32\srvcli.dll
0x00007fff67fa0000 - 0x00007fff67fac000 	C:\WINDOWS\SYSTEM32\netutils.dll
0x00007fff29320000 - 0x00007fff29332000 	C:\Program Files\Java\jre1.8.0_211\bin\nio.dll
0x00007fff68380000 - 0x00007fff68398000 	C:\WINDOWS\SYSTEM32\CRYPTSP.dll
0x00007fff679f0000 - 0x00007fff67a24000 	C:\WINDOWS\system32\rsaenh.dll
0x00007fff688d0000 - 0x00007fff688fe000 	C:\WINDOWS\SYSTEM32\USERENV.dll
0x00007fff689d0000 - 0x00007fff68a53000 	C:\WINDOWS\System32\bcryptprimitives.dll
0x00007fff68370000 - 0x00007fff6837c000 	C:\WINDOWS\SYSTEM32\CRYPTBASE.dll
0x00007fff5f880000 - 0x00007fff5f897000 	C:\WINDOWS\SYSTEM32\dhcpcsvc6.DLL
0x00007fff5f0f0000 - 0x00007fff5f10d000 	C:\WINDOWS\SYSTEM32\dhcpcsvc.DLL
0x00007fff46530000 - 0x00007fff46554000 	C:\Program Files\Java\jre1.8.0_211\bin\sunec.dll
0x00007fff66ef0000 - 0x00007fff670d4000 	C:\WINDOWS\SYSTEM32\dbghelp.dll

VM Arguments:
jvm_args: -agentlib:jdwp=transport=dt_socket,suspend=y,address=localhost:54442 -Dcom.sun.management.jmxremote -Dcom.sun.management.jmxremote.port=54441 -Dcom.sun.management.jmxremote.authenticate=false -Dcom.sun.management.jmxremote.ssl=false -Djava.rmi.server.hostname=localhost -Dspring.jmx.enabled=true -Dspring.application.admin.enabled=true -Xverify:none -XX:TieredStopAtLevel=1 -Dfile.encoding=UTF-8 
java_command: blogfmk.BlogfmkApiApplication --spring.output.ansi.enabled=always
java_class_path (initial): C:\Users\Gustavo\Documents\Projetos\workspace-spring\blogfmk-api\target\classes;C:\Users\Gustavo\.m2\repository\org\springframework\boot\spring-boot-starter-data-jpa\2.6.0\spring-boot-starter-data-jpa-2.6.0.jar;C:\Users\Gustavo\.m2\repository\org\springframework\boot\spring-boot-starter-aop\2.6.0\spring-boot-starter-aop-2.6.0.jar;C:\Users\Gustavo\.m2\repository\org\aspectj\aspectjweaver\1.9.7\aspectjweaver-1.9.7.jar;C:\Users\Gustavo\.m2\repository\org\springframework\boot\spring-boot-starter-jdbc\2.6.0\spring-boot-starter-jdbc-2.6.0.jar;C:\Users\Gustavo\.m2\repository\com\zaxxer\HikariCP\4.0.3\HikariCP-4.0.3.jar;C:\Users\Gustavo\.m2\repository\org\springframework\spring-jdbc\5.3.13\spring-jdbc-5.3.13.jar;C:\Users\Gustavo\.m2\repository\jakarta\transaction\jakarta.transaction-api\1.3.3\jakarta.transaction-api-1.3.3.jar;C:\Users\Gustavo\.m2\repository\jakarta\persistence\jakarta.persistence-api\2.2.3\jakarta.persistence-api-2.2.3.jar;C:\Users\Gustavo\.m2\repository\org\hibernate\hibernate-core\5.6.1.Final\hibernate-core-5.6.1.Final.jar;C:\Users\Gustavo\.m2\repository\org\jboss\logging\jboss-logging\3.4.2.Final\jboss-logging-3.4.2.Final.jar;C:\Users\Gustavo\.m2\repository\net\bytebuddy\byte-buddy\1.11.22\byte-buddy-1.11.22.jar;C:\Users\Gustavo\.m2\repository\antlr\antlr\2.7.7\antlr-2.7.7.jar;C:\Users\Gustavo\.m2\repository\org\jboss\jandex\2.2.3.Final\jandex-2.2.3.Final.jar;C:\Users\Gustavo\.m2\repository\com\fasterxml\classmate\1.5.1\classmate-1.5.1.jar;C:\Users\Gustavo\.m2\repository\org\hibernate\common\hibernate-commons-annotations\5.1.2.Final\hibernate-commons-annotations-5.1.2.Final.jar;C:\Users\Gustavo\.m2\repository\org\glassfish\jaxb\jaxb-runtime\2.3.5\jaxb-runtime-2.3.5.jar;C:\Users\Gustavo\.m2\repository\org\glassfish\jaxb\txw2\2.3.5\txw2-2.3.5.jar;C:\Users\Gustavo\.m2\repository\com\sun\istack\istack-commons-runtime\3.0.12\istack-commons-runtime-3.0.12.jar;C:\Users\Gustavo\.m2\repository\com\sun\activation\jakarta.activation\1.2
Launcher Type: SUN_STANDARD

Environment Variables:
JAVA_HOME=C:\Program Files\OpenJDK\openjdk-8u282-b08
CLASSPATH=.;
PATH=C:/Program Files/Java/jre1.8.0_211/bin/server;C:/Program Files/Java/jre1.8.0_211/bin;C:/Program Files/Java/jre1.8.0_211/lib/amd64;C:\Python27\;C:\Python27\Scripts;C:\Program Files\Common Files\Oracle\Java\javapath;C:\Program Files (x86)\Common Files\Oracle\Java\javapath;C:\WINDOWS\system32;C:\WINDOWS;C:\WINDOWS\System32\Wbem;C:\WINDOWS\System32\WindowsPowerShell\v1.0\;C:\Program Files\Java\jdk-11.0.1\bin;C:\Program Files\Java\jdk1.8.0_171\bin;C:\WINDOWS\System32\OpenSSH\;C:\xampp\php;C:\composer;C:\flutter\bin;C:\ProgramData\chocolatey\bin;C:\Program Files\Microsoft SQL Server\Client SDK\ODBC\170\Tools\Binn\;C:\Maven;C:\Maven\bin;C:\Gradle\gradle-6.6.1\bin;C:\Program Files (x86)\Yarn\bin\;C:\Program Files\Git\cmd;C:\Program Files (x86)\Microsoft SQL Server\150\Tools\Binn\;C:\Program Files\Microsoft SQL Server\150\Tools\Binn\;C:\Program Files\Microsoft SQL Server\150\DTS\Binn\;C:\Program Files\Java\jdk1.8.0_211\bin;C:\Users\Gustavo\AppData\Local\Android\Sdk;C:\Program Files\OpenJDK\openjdk-8u282-b08\bin;C:\Users\Gustavo\AppData\Local\Android\Sdk\platform-tools;C:\Program Files\nodejs\;C:\Program Files\OpenJDK\openjdk-8u282-b08;C:\Program Files\Java\jdk-11.0.8\bin;C:\Users\Gustavo\AppData\Local\Microsoft\WindowsApps;C:\Program Files\Java\jdk1.8.0_131;C:\Program Files\Java\jdk1.8.0_171\bin;C:\Users\Gustavo\AppData\Roaming\Composer\vendor\bin;C:\Program Files\heroku\bin;C:\tools\dart-sdk\bin;C:\Users\Gustavo\AppData\Roaming\Pub\Cache\bin;C:\flutter\.pub-cache\bin;C:\Users\Gustavo\.dotnet\tools;C:\Users\Gustavo\AppData\Local\Programs\Microsoft VS Code\bin;C:\Gradle\gradle-6.6.1\bin;C:\Users\Gustavo\AppData\Local\Microsoft\WindowsApps;C:\Users\Gustavo\AppData\Local\Yarn\bin;C:\Users\Gustavo\AppData\Roaming\npm;C:\Program Files\Java\jdk-11.0.8\bin;;C:\Users\Gustavo\Spring Tools;
USERNAME=Gustavo
OS=Windows_NT
PROCESSOR_IDENTIFIER=Intel64 Family 6 Model 78 Stepping 3, GenuineIntel



---------------  S Y S T E M  ---------------

OS: Windows 10.0 , 64 bit Build 19041 (10.0.19041.1348)

CPU:total 4 (initial active 4) (2 cores per cpu, 2 threads per core) family 6 model 78 stepping 3, cmov, cx8, fxsr, mmx, sse, sse2, sse3, ssse3, sse4.1, sse4.2, popcnt, avx, avx2, aes, clmul, erms, 3dnowpref, lzcnt, ht, tsc, tscinvbit, bmi1, bmi2, adx

Memory: 4k page, physical 4083104k(312784k free), swap 13656452k(2278896k free)

vm_info: Java HotSpot(TM) 64-Bit Server VM (25.211-b12) for windows-amd64 JRE (1.8.0_211-b12), built on Apr  1 2019 20:53:26 by "java_re" with MS VC++ 10.0 (VS2010)

time: Sat Nov 27 12:52:29 2021
timezone: Hora oficial do Brasil
elapsed time: 171 seconds (0d 0h 2m 51s)

